<?xml version="1.0" encoding="utf-8"?>
<CoverageSession xmlns:xsd="http://www.w3.org/2001/XMLSchema" xmlns:xsi="http://www.w3.org/2001/XMLSchema-instance">
  <Summary numSequencePoints="141" visitedSequencePoints="20" numBranchPoints="51" visitedBranchPoints="7" sequenceCoverage="14.18" branchCoverage="13.73" maxCyclomaticComplexity="16" minCyclomaticComplexity="1" visitedClasses="2" numClasses="5" visitedMethods="7" numMethods="15" />
  <Modules>
    <Module skippedDueTo="Filter" hash="E8-5D-0D-DF-48-0E-E1-36-C7-A9-9F-6C-BD-62-D5-34-9F-F0-17-FE">
      <FullName>C:\WINDOWS\Microsoft.Net\assembly\GAC_64\mscorlib\v4.0_4.0.0.0__b77a5c561934e089\mscorlib.dll</FullName>
      <ModuleName>mscorlib</ModuleName>
      <Classes />
    </Module>
    <Module skippedDueTo="Filter" hash="CA-75-2A-9A-E7-E4-D8-A9-4C-34-49-6E-3D-94-D3-D9-77-7E-75-8B">
      <FullName>C:\dev\coveralls.net\src\packages\xunit.runner.console.2.0.0\tools\xunit.console.exe</FullName>
      <ModuleName>xunit.console</ModuleName>
      <Classes />
    </Module>
    <Module skippedDueTo="Filter" hash="B0-74-B1-8D-51-BC-0F-BE-6F-0A-E9-01-EB-0F-3D-B4-01-89-D9-28">
      <FullName>C:\dev\coveralls.net\src\packages\xunit.runner.console.2.0.0\tools\xunit.runner.utility.desktop.dll</FullName>
      <ModuleName>xunit.runner.utility.desktop</ModuleName>
      <Classes />
    </Module>
    <Module skippedDueTo="Filter" hash="4F-2D-57-51-8C-EB-A3-76-1B-CA-7F-0F-4C-1E-A5-88-77-48-84-05">
      <FullName>C:\WINDOWS\Microsoft.Net\assembly\GAC_MSIL\System\v4.0_4.0.0.0__b77a5c561934e089\System.dll</FullName>
      <ModuleName>System</ModuleName>
      <Classes />
    </Module>
    <Module skippedDueTo="Filter" hash="0E-27-EE-48-18-43-E9-5B-DA-5C-9E-39-CB-7D-31-B7-EA-D9-09-31">
      <FullName>C:\WINDOWS\Microsoft.Net\assembly\GAC_MSIL\System.Core\v4.0_4.0.0.0__b77a5c561934e089\System.Core.dll</FullName>
      <ModuleName>System.Core</ModuleName>
      <Classes />
    </Module>
    <Module skippedDueTo="Filter" hash="83-29-FE-C7-E7-7A-90-21-8F-92-A4-B2-93-EC-A9-9B-7E-10-7C-E5">
      <FullName>C:\WINDOWS\Microsoft.Net\assembly\GAC_MSIL\System.Xml.Linq\v4.0_4.0.0.0__b77a5c561934e089\System.Xml.Linq.dll</FullName>
      <ModuleName>System.Xml.Linq</ModuleName>
      <Classes />
    </Module>
    <Module skippedDueTo="Filter" hash="88-45-F0-9C-3C-9F-72-79-CB-6A-82-FA-D7-DB-C3-4A-59-80-3C-6B">
      <FullName>C:\WINDOWS\Microsoft.Net\assembly\GAC_MSIL\System.Xml\v4.0_4.0.0.0__b77a5c561934e089\System.Xml.dll</FullName>
      <ModuleName>System.Xml</ModuleName>
      <Classes />
    </Module>
    <Module skippedDueTo="Filter" hash="34-A3-5D-67-8E-E7-DB-60-FE-97-F3-BD-D4-E7-40-6B-00-DA-51-C8">
      <FullName>C:\WINDOWS\Microsoft.Net\assembly\GAC_MSIL\System.Configuration\v4.0_4.0.0.0__b03f5f7f11d50a3a\System.Configuration.dll</FullName>
      <ModuleName>System.Configuration</ModuleName>
      <Classes />
    </Module>
    <Module skippedDueTo="Filter" hash="0D-93-02-F5-BA-A6-97-B2-1E-7D-A1-81-8A-4F-5F-B9-97-BB-A9-BC">
      <FullName>C:\dev\coveralls.net\src\packages\xunit.runner.console.2.0.0\tools\xunit.abstractions.dll</FullName>
      <ModuleName>xunit.abstractions</ModuleName>
      <Classes />
    </Module>
    <Module skippedDueTo="Filter" hash="80-F1-27-EE-EC-CF-73-80-64-F1-24-F4-EB-2A-0A-95-BF-DA-78-B6">
      <FullName>C:\WINDOWS\Microsoft.Net\assembly\GAC_MSIL\System.Runtime\v4.0_4.0.0.0__b03f5f7f11d50a3a\System.Runtime.dll</FullName>
      <ModuleName>System.Runtime</ModuleName>
      <Classes />
    </Module>
    <Module skippedDueTo="Filter" hash="B0-74-B1-8D-51-BC-0F-BE-6F-0A-E9-01-EB-0F-3D-B4-01-89-D9-28">
      <FullName>C:\Users\mclea\AppData\Local\Temp\609e3522-c82a-49cf-8bac-39f28b16c72a\609e3522-c82a-49cf-8bac-39f28b16c72a\assembly\dl3\78be21c6\863cbbe4_fa62d101\xunit.runner.utility.desktop.dll</FullName>
      <ModuleName>xunit.runner.utility.desktop</ModuleName>
      <Classes />
    </Module>
    <Module skippedDueTo="Filter" hash="0E-27-EE-48-18-43-E9-5B-DA-5C-9E-39-CB-7D-31-B7-EA-D9-09-31">
      <FullName>C:\WINDOWS\Microsoft.Net\assembly\GAC_MSIL\System.Core\v4.0_4.0.0.0__b77a5c561934e089\System.Core.dll</FullName>
      <ModuleName>System.Core</ModuleName>
      <Classes />
    </Module>
    <Module skippedDueTo="Filter" hash="4F-2D-57-51-8C-EB-A3-76-1B-CA-7F-0F-4C-1E-A5-88-77-48-84-05">
      <FullName>C:\WINDOWS\Microsoft.Net\assembly\GAC_MSIL\System\v4.0_4.0.0.0__b77a5c561934e089\System.dll</FullName>
      <ModuleName>System</ModuleName>
      <Classes />
    </Module>
    <Module skippedDueTo="Filter" hash="">
      <FullName>RefEmit_InMemoryManifestModule</FullName>
      <ModuleName>Anonymously Hosted DynamicMethods Assembly</ModuleName>
      <Classes />
    </Module>
    <Module hash="E1-D5-6A-B1-E8-73-EF-65-D9-00-5A-30-67-4A-FB-01-0D-33-16-C4">
      <Summary numSequencePoints="10" visitedSequencePoints="10" numBranchPoints="2" visitedBranchPoints="2" sequenceCoverage="100" branchCoverage="100" maxCyclomaticComplexity="1" minCyclomaticComplexity="1" visitedClasses="1" numClasses="1" visitedMethods="2" numMethods="2" />
      <FullName>C:\dev\Coveralls.net-Samples\src\GameOfLife.xUnit.Tests\bin\Debug\GameOfLife.xUnit.Tests.dll</FullName>
      <ModuleName>GameOfLife.xUnit.Tests</ModuleName>
      <Files>
        <File uid="1" fullPath="C:\dev\Coveralls.net-Samples\src\GameOfLife.xUnit.Tests\WorldTests.cs" />
      </Files>
      <Classes>
        <Class>
          <Summary numSequencePoints="0" visitedSequencePoints="0" numBranchPoints="0" visitedBranchPoints="0" sequenceCoverage="0" branchCoverage="0" maxCyclomaticComplexity="0" minCyclomaticComplexity="0" visitedClasses="0" numClasses="0" visitedMethods="0" numMethods="0" />
          <FullName>&lt;Module&gt;</FullName>
          <Methods />
        </Class>
        <Class>
          <Summary numSequencePoints="10" visitedSequencePoints="10" numBranchPoints="2" visitedBranchPoints="2" sequenceCoverage="100" branchCoverage="100" maxCyclomaticComplexity="1" minCyclomaticComplexity="1" visitedClasses="1" numClasses="1" visitedMethods="2" numMethods="2" />
          <FullName>GameOfLife.xUnit.Tests.WorldTests</FullName>
          <Methods>
            <Method visited="true" cyclomaticComplexity="1" sequenceCoverage="100" branchCoverage="100" isConstructor="false" isStatic="false" isGetter="false" isSetter="false">
              <Summary numSequencePoints="5" visitedSequencePoints="5" numBranchPoints="1" visitedBranchPoints="1" sequenceCoverage="100" branchCoverage="100" maxCyclomaticComplexity="1" minCyclomaticComplexity="1" visitedClasses="0" numClasses="0" visitedMethods="1" numMethods="1" />
              <MetadataToken>100663297</MetadataToken>
              <Name>System.Void GameOfLife.xUnit.Tests.WorldTests::World_ConstructNew_WidthCorrect()</Name>
              <FileRef uid="1" />
              <SequencePoints>
                <SequencePoint vc="1" uspid="1" ordinal="0" offset="0" sl="9" sc="9" el="9" ec="10" bec="0" bev="0" fileid="1" />
                <SequencePoint vc="1" uspid="2" ordinal="1" offset="1" sl="11" sc="13" el="11" ec="52" bec="0" bev="0" fileid="1" />
                <SequencePoint vc="1" uspid="3" ordinal="2" offset="10" sl="13" sc="13" el="13" ec="41" bec="0" bev="0" fileid="1" />
                <SequencePoint vc="1" uspid="4" ordinal="3" offset="17" sl="15" sc="13" el="15" ec="54" bec="0" bev="0" fileid="1" />
                <SequencePoint vc="1" uspid="5" ordinal="4" offset="30" sl="16" sc="9" el="16" ec="10" bec="0" bev="0" fileid="1" />
              </SequencePoints>
              <BranchPoints />
              <MethodPoint xsi:type="SequencePoint" vc="1" uspid="1" ordinal="0" offset="0" sl="9" sc="9" el="9" ec="10" bec="0" bev="0" fileid="1" />
            </Method>
            <Method visited="true" cyclomaticComplexity="1" sequenceCoverage="100" branchCoverage="100" isConstructor="false" isStatic="false" isGetter="false" isSetter="false">
              <Summary numSequencePoints="5" visitedSequencePoints="5" numBranchPoints="1" visitedBranchPoints="1" sequenceCoverage="100" branchCoverage="100" maxCyclomaticComplexity="1" minCyclomaticComplexity="1" visitedClasses="0" numClasses="0" visitedMethods="1" numMethods="1" />
              <MetadataToken>100663298</MetadataToken>
              <Name>System.Void GameOfLife.xUnit.Tests.WorldTests::World_ConstructNew_HeightCorrect()</Name>
              <FileRef uid="1" />
              <SequencePoints>
                <SequencePoint vc="1" uspid="6" ordinal="0" offset="0" sl="20" sc="9" el="20" ec="10" bec="0" bev="0" fileid="1" />
                <SequencePoint vc="1" uspid="7" ordinal="1" offset="1" sl="22" sc="13" el="22" ec="53" bec="0" bev="0" fileid="1" />
                <SequencePoint vc="1" uspid="8" ordinal="2" offset="10" sl="24" sc="13" el="24" ec="41" bec="0" bev="0" fileid="1" />
                <SequencePoint vc="1" uspid="9" ordinal="3" offset="17" sl="26" sc="13" el="26" ec="56" bec="0" bev="0" fileid="1" />
                <SequencePoint vc="1" uspid="10" ordinal="4" offset="30" sl="27" sc="9" el="27" ec="10" bec="0" bev="0" fileid="1" />
              </SequencePoints>
              <BranchPoints />
              <MethodPoint xsi:type="SequencePoint" vc="1" uspid="6" ordinal="0" offset="0" sl="20" sc="9" el="20" ec="10" bec="0" bev="0" fileid="1" />
            </Method>
            <Method visited="true" cyclomaticComplexity="1" sequenceCoverage="0" branchCoverage="0" isConstructor="true" isStatic="false" isGetter="false" isSetter="false">
              <Summary numSequencePoints="0" visitedSequencePoints="0" numBranchPoints="0" visitedBranchPoints="0" sequenceCoverage="0" branchCoverage="0" maxCyclomaticComplexity="1" minCyclomaticComplexity="1" visitedClasses="0" numClasses="0" visitedMethods="0" numMethods="0" />
              <MetadataToken>100663299</MetadataToken>
              <Name>System.Void GameOfLife.xUnit.Tests.WorldTests::.ctor()</Name>
              <SequencePoints />
              <BranchPoints />
              <MethodPoint vc="2" uspid="11" ordinal="0" offset="0" />
            </Method>
          </Methods>
        </Class>
      </Classes>
    </Module>
    <Module skippedDueTo="Filter" hash="0C-77-7C-1D-71-8D-46-9E-98-35-4F-DF-46-77-B1-66-33-3E-9B-49">
      <FullName>C:\dev\Coveralls.net-Samples\src\GameOfLife.xUnit.Tests\bin\Debug\xunit.dll</FullName>
      <ModuleName>xunit</ModuleName>
      <Classes />
    </Module>
    <Module skippedDueTo="Filter" hash="11-98-E7-2B-6C-7D-11-C5-0F-66-CE-47-1E-CA-60-19-D0-EB-15-8B">
      <FullName>C:\WINDOWS\Microsoft.Net\assembly\GAC_64\System.Web\v4.0_4.0.0.0__b03f5f7f11d50a3a\System.Web.dll</FullName>
      <ModuleName>System.Web</ModuleName>
      <Classes />
    </Module>
    <Module skippedDueTo="Filter" hash="B0-27-34-ED-41-E0-9C-53-37-4D-FB-B4-60-39-84-52-AC-FB-A6-85">
      <FullName>C:\WINDOWS\Microsoft.Net\assembly\GAC_MSIL\System.Collections\v4.0_4.0.0.0__b03f5f7f11d50a3a\System.Collections.dll</FullName>
      <ModuleName>System.Collections</ModuleName>
      <Classes />
    </Module>
    <Module skippedDueTo="Filter" hash="B0-74-B1-8D-51-BC-0F-BE-6F-0A-E9-01-EB-0F-3D-B4-01-89-D9-28">
      <FullName>C:\dev\Coveralls.net-Samples\src\GameOfLife.xUnit.Tests\bin\Debug\xunit.runner.utility.desktop.dll</FullName>
      <ModuleName>xunit.runner.utility.desktop</ModuleName>
      <Classes />
    </Module>
    <Module skippedDueTo="Filter" hash="11-98-E7-2B-6C-7D-11-C5-0F-66-CE-47-1E-CA-60-19-D0-EB-15-8B">
      <FullName>C:\WINDOWS\Microsoft.Net\assembly\GAC_64\System.Web\v4.0_4.0.0.0__b03f5f7f11d50a3a\System.Web.dll</FullName>
      <ModuleName>System.Web</ModuleName>
      <Classes />
    </Module>
    <Module skippedDueTo="Filter" hash="88-45-F0-9C-3C-9F-72-79-CB-6A-82-FA-D7-DB-C3-4A-59-80-3C-6B">
      <FullName>C:\WINDOWS\Microsoft.Net\assembly\GAC_MSIL\System.Xml\v4.0_4.0.0.0__b77a5c561934e089\System.Xml.dll</FullName>
      <ModuleName>System.Xml</ModuleName>
      <Classes />
    </Module>
    <Module skippedDueTo="Filter" hash="4F-2D-57-51-8C-EB-A3-76-1B-CA-7F-0F-4C-1E-A5-88-77-48-84-05">
      <FullName>C:\WINDOWS\Microsoft.Net\assembly\GAC_MSIL\System\v4.0_4.0.0.0__b77a5c561934e089\System.dll</FullName>
      <ModuleName>System</ModuleName>
      <Classes />
    </Module>
    <Module skippedDueTo="Filter" hash="34-A3-5D-67-8E-E7-DB-60-FE-97-F3-BD-D4-E7-40-6B-00-DA-51-C8">
      <FullName>C:\WINDOWS\Microsoft.Net\assembly\GAC_MSIL\System.Configuration\v4.0_4.0.0.0__b03f5f7f11d50a3a\System.Configuration.dll</FullName>
      <ModuleName>System.Configuration</ModuleName>
      <Classes />
    </Module>
    <Module hash="1A-45-4B-AF-61-D6-14-A1-D8-E5-70-E7-06-33-65-34-A8-AE-F0-AB">
      <Summary numSequencePoints="131" visitedSequencePoints="10" numBranchPoints="49" visitedBranchPoints="5" sequenceCoverage="7.63" branchCoverage="10.20" maxCyclomaticComplexity="16" minCyclomaticComplexity="1" visitedClasses="1" numClasses="4" visitedMethods="5" numMethods="13" />
      <FullName>C:\dev\Coveralls.net-Samples\src\GameOfLife.xUnit.Tests\bin\Debug\GameOfLife.exe</FullName>
      <ModuleName>GameOfLife</ModuleName>
      <Files>
        <File uid="3" fullPath="C:\dev\Coveralls.net-Samples\src\GameOfLife\Game.cs" />
        <File uid="4" fullPath="C:\dev\Coveralls.net-Samples\src\GameOfLife\Program.cs" />
        <File uid="5" fullPath="C:\dev\Coveralls.net-Samples\src\GameOfLife\World.cs" />
        <File uid="6" fullPath="C:\dev\Coveralls.net-Samples\src\GameOfLife\WorldBuilder.cs" />
      </Files>
      <Classes>
        <Class>
          <Summary numSequencePoints="0" visitedSequencePoints="0" numBranchPoints="0" visitedBranchPoints="0" sequenceCoverage="0" branchCoverage="0" maxCyclomaticComplexity="0" minCyclomaticComplexity="0" visitedClasses="0" numClasses="0" visitedMethods="0" numMethods="0" />
          <FullName>&lt;Module&gt;</FullName>
          <Methods />
        </Class>
        <Class>
          <Summary numSequencePoints="64" visitedSequencePoints="0" numBranchPoints="34" visitedBranchPoints="0" sequenceCoverage="0" branchCoverage="0" maxCyclomaticComplexity="16" minCyclomaticComplexity="7" visitedClasses="0" numClasses="1" visitedMethods="0" numMethods="2" />
          <FullName>GameOfLife.Game</FullName>
          <Methods>
            <Method visited="false" cyclomaticComplexity="7" sequenceCoverage="0" branchCoverage="0" isConstructor="false" isStatic="true" isGetter="false" isSetter="false">
              <Summary numSequencePoints="17" visitedSequencePoints="0" numBranchPoints="7" visitedBranchPoints="0" sequenceCoverage="0" branchCoverage="0" maxCyclomaticComplexity="7" minCyclomaticComplexity="7" visitedClasses="0" numClasses="0" visitedMethods="0" numMethods="1" />
              <MetadataToken>100663297</MetadataToken>
              <Name>System.Void GameOfLife.Game::DrawWorld(GameOfLife.World)</Name>
              <FileRef uid="3" />
              <SequencePoints>
                <SequencePoint vc="0" uspid="12" ordinal="0" offset="0" sl="9" sc="9" el="9" ec="10" bec="0" bev="0" fileid="3" />
                <SequencePoint vc="0" uspid="13" ordinal="1" offset="1" sl="10" sc="13" el="10" ec="20" bec="0" bev="0" fileid="3" />
                <SequencePoint vc="0" uspid="14" ordinal="2" offset="2" sl="10" sc="33" el="10" ec="66" bec="0" bev="0" fileid="3" />
                <SequencePoint vc="0" uspid="15" ordinal="3" offset="22" sl="10" sc="22" el="10" ec="29" bec="0" bev="0" fileid="3" />
                <SequencePoint vc="0" uspid="16" ordinal="4" offset="29" sl="11" sc="13" el="11" ec="14" bec="0" bev="0" fileid="3" />
                <SequencePoint vc="0" uspid="17" ordinal="5" offset="30" sl="12" sc="17" el="12" ec="24" bec="0" bev="0" fileid="3" />
                <SequencePoint vc="0" uspid="18" ordinal="6" offset="31" sl="12" sc="37" el="12" ec="69" bec="0" bev="0" fileid="3" />
                <SequencePoint vc="0" uspid="19" ordinal="7" offset="51" sl="12" sc="26" el="12" ec="33" bec="0" bev="0" fileid="3" />
                <SequencePoint vc="0" uspid="20" ordinal="8" offset="58" sl="13" sc="17" el="13" ec="18" bec="0" bev="0" fileid="3" />
                <SequencePoint vc="0" uspid="21" ordinal="9" offset="59" sl="14" sc="21" el="14" ec="59" bec="0" bev="0" fileid="3" />
                <SequencePoint vc="0" uspid="22" ordinal="10" offset="69" sl="15" sc="21" el="15" ec="60" bec="2" bev="0" fileid="3" />
                <SequencePoint vc="0" uspid="23" ordinal="11" offset="91" sl="16" sc="17" el="16" ec="18" bec="0" bev="0" fileid="3" />
                <SequencePoint vc="0" uspid="24" ordinal="12" offset="92" sl="12" sc="34" el="12" ec="36" bec="2" bev="0" fileid="3" />
                <SequencePoint vc="0" uspid="25" ordinal="13" offset="113" sl="17" sc="17" el="17" ec="39" bec="0" bev="0" fileid="3" />
                <SequencePoint vc="0" uspid="26" ordinal="14" offset="124" sl="18" sc="13" el="18" ec="14" bec="0" bev="0" fileid="3" />
                <SequencePoint vc="0" uspid="27" ordinal="15" offset="125" sl="10" sc="30" el="10" ec="32" bec="2" bev="0" fileid="3" />
                <SequencePoint vc="0" uspid="28" ordinal="16" offset="146" sl="19" sc="9" el="19" ec="10" bec="0" bev="0" fileid="3" />
              </SequencePoints>
              <BranchPoints>
                <BranchPoint vc="0" uspid="29" ordinal="0" offset="71" sl="15" path="0" offsetend="73" fileid="3" />
                <BranchPoint vc="0" uspid="30" ordinal="1" offset="71" sl="15" path="1" offsetend="80" fileid="3" />
                <BranchPoint vc="0" uspid="31" ordinal="2" offset="98" sl="12" path="0" offsetend="100" fileid="3" />
                <BranchPoint vc="0" uspid="32" ordinal="3" offset="98" sl="12" path="1" offsetend="51" fileid="3" />
                <BranchPoint vc="0" uspid="33" ordinal="4" offset="131" sl="10" path="0" offsetend="133" fileid="3" />
                <BranchPoint vc="0" uspid="34" ordinal="5" offset="131" sl="10" path="1" offsetend="22" fileid="3" />
              </BranchPoints>
              <MethodPoint xsi:type="SequencePoint" vc="0" uspid="12" ordinal="0" offset="0" sl="9" sc="9" el="9" ec="10" bec="0" bev="0" fileid="3" />
            </Method>
            <Method visited="false" cyclomaticComplexity="16" sequenceCoverage="0" branchCoverage="0" isConstructor="false" isStatic="true" isGetter="false" isSetter="false">
              <Summary numSequencePoints="47" visitedSequencePoints="0" numBranchPoints="27" visitedBranchPoints="0" sequenceCoverage="0" branchCoverage="0" maxCyclomaticComplexity="16" minCyclomaticComplexity="16" visitedClasses="0" numClasses="0" visitedMethods="0" numMethods="1" />
              <MetadataToken>100663298</MetadataToken>
              <Name>GameOfLife.World GameOfLife.Game::GetNextWorldState(GameOfLife.World)</Name>
              <FileRef uid="3" />
              <SequencePoints>
                <SequencePoint vc="0" uspid="35" ordinal="0" offset="0" sl="22" sc="9" el="22" ec="10" bec="0" bev="0" fileid="3" />
                <SequencePoint vc="0" uspid="36" ordinal="1" offset="1" sl="23" sc="13" el="23" ec="68" bec="0" bev="0" fileid="3" />
                <SequencePoint vc="0" uspid="37" ordinal="2" offset="19" sl="24" sc="13" el="24" ec="20" bec="0" bev="0" fileid="3" />
                <SequencePoint vc="0" uspid="38" ordinal="3" offset="20" sl="24" sc="33" el="24" ec="66" bec="0" bev="0" fileid="3" />
                <SequencePoint vc="0" uspid="39" ordinal="4" offset="43" sl="24" sc="22" el="24" ec="29" bec="0" bev="0" fileid="3" />
                <SequencePoint vc="0" uspid="40" ordinal="5" offset="50" sl="25" sc="13" el="25" ec="14" bec="0" bev="0" fileid="3" />
                <SequencePoint vc="0" uspid="41" ordinal="6" offset="51" sl="26" sc="17" el="26" ec="24" bec="0" bev="0" fileid="3" />
                <SequencePoint vc="0" uspid="42" ordinal="7" offset="52" sl="26" sc="37" el="26" ec="69" bec="0" bev="0" fileid="3" />
                <SequencePoint vc="0" uspid="43" ordinal="8" offset="75" sl="26" sc="26" el="26" ec="33" bec="0" bev="0" fileid="3" />
                <SequencePoint vc="0" uspid="44" ordinal="9" offset="83" sl="27" sc="17" el="27" ec="18" bec="0" bev="0" fileid="3" />
                <SequencePoint vc="0" uspid="45" ordinal="10" offset="84" sl="28" sc="21" el="28" ec="48" bec="0" bev="0" fileid="3" />
                <SequencePoint vc="0" uspid="46" ordinal="11" offset="87" sl="29" sc="21" el="29" ec="52" bec="0" bev="0" fileid="3" />
                <SequencePoint vc="0" uspid="47" ordinal="12" offset="103" sl="30" sc="21" el="30" ec="28" bec="0" bev="0" fileid="3" />
                <SequencePoint vc="0" uspid="48" ordinal="13" offset="104" sl="30" sc="47" el="30" ec="54" bec="0" bev="0" fileid="3" />
                <SequencePoint vc="0" uspid="49" ordinal="14" offset="116" sl="30" sc="30" el="30" ec="43" bec="0" bev="0" fileid="3" />
                <SequencePoint vc="0" uspid="50" ordinal="15" offset="123" sl="31" sc="21" el="31" ec="22" bec="0" bev="0" fileid="3" />
                <SequencePoint vc="0" uspid="51" ordinal="16" offset="124" sl="32" sc="25" el="32" ec="32" bec="0" bev="0" fileid="3" />
                <SequencePoint vc="0" uspid="52" ordinal="17" offset="125" sl="32" sc="51" el="32" ec="58" bec="0" bev="0" fileid="3" />
                <SequencePoint vc="0" uspid="53" ordinal="18" offset="134" sl="32" sc="34" el="32" ec="47" bec="0" bev="0" fileid="3" />
                <SequencePoint vc="0" uspid="54" ordinal="19" offset="141" sl="33" sc="25" el="33" ec="26" bec="0" bev="0" fileid="3" />
                <SequencePoint vc="0" uspid="55" ordinal="20" offset="142" sl="34" sc="29" el="34" ec="66" bec="4" bev="0" fileid="3" />
                <SequencePoint vc="0" uspid="56" ordinal="21" offset="160" sl="34" sc="67" el="34" ec="76" bec="0" bev="0" fileid="3" />
                <SequencePoint vc="0" uspid="57" ordinal="22" offset="162" sl="35" sc="29" el="35" ec="64" bec="0" bev="0" fileid="3" />
                <SequencePoint vc="0" uspid="58" ordinal="23" offset="168" sl="36" sc="29" el="36" ec="68" bec="0" bev="0" fileid="3" />
                <SequencePoint vc="0" uspid="59" ordinal="24" offset="175" sl="37" sc="29" el="42" ec="34" bec="7" bev="0" fileid="3" />
                <SequencePoint vc="0" uspid="60" ordinal="25" offset="224" sl="43" sc="29" el="43" ec="30" bec="0" bev="0" fileid="3" />
                <SequencePoint vc="0" uspid="61" ordinal="26" offset="225" sl="44" sc="33" el="44" ec="54" bec="0" bev="0" fileid="3" />
                <SequencePoint vc="0" uspid="62" ordinal="27" offset="231" sl="45" sc="29" el="45" ec="30" bec="0" bev="0" fileid="3" />
                <SequencePoint vc="0" uspid="63" ordinal="28" offset="232" sl="46" sc="25" el="46" ec="26" bec="0" bev="0" fileid="3" />
                <SequencePoint vc="0" uspid="64" ordinal="29" offset="239" sl="32" sc="48" el="32" ec="50" bec="2" bev="0" fileid="3" />
                <SequencePoint vc="0" uspid="65" ordinal="30" offset="247" sl="47" sc="21" el="47" ec="22" bec="0" bev="0" fileid="3" />
                <SequencePoint vc="0" uspid="66" ordinal="31" offset="254" sl="30" sc="44" el="30" ec="46" bec="2" bev="0" fileid="3" />
                <SequencePoint vc="0" uspid="67" ordinal="32" offset="265" sl="49" sc="21" el="49" ec="68" bec="0" bev="0" fileid="3" />
                <SequencePoint vc="0" uspid="68" ordinal="33" offset="276" sl="50" sc="21" el="50" ec="42" bec="2" bev="0" fileid="3" />
                <SequencePoint vc="0" uspid="69" ordinal="34" offset="284" sl="51" sc="21" el="51" ec="22" bec="0" bev="0" fileid="3" />
                <SequencePoint vc="0" uspid="70" ordinal="35" offset="285" sl="52" sc="25" el="52" ec="87" bec="2" bev="0" fileid="3" />
                <SequencePoint vc="0" uspid="71" ordinal="36" offset="300" sl="53" sc="21" el="53" ec="22" bec="0" bev="0" fileid="3" />
                <SequencePoint vc="0" uspid="72" ordinal="37" offset="303" sl="55" sc="21" el="55" ec="22" bec="0" bev="0" fileid="3" />
                <SequencePoint vc="0" uspid="73" ordinal="38" offset="304" sl="56" sc="25" el="56" ec="60" bec="0" bev="0" fileid="3" />
                <SequencePoint vc="0" uspid="74" ordinal="39" offset="311" sl="57" sc="21" el="57" ec="22" bec="0" bev="0" fileid="3" />
                <SequencePoint vc="0" uspid="75" ordinal="40" offset="312" sl="58" sc="21" el="58" ec="55" bec="0" bev="0" fileid="3" />
                <SequencePoint vc="0" uspid="76" ordinal="41" offset="323" sl="59" sc="17" el="59" ec="18" bec="0" bev="0" fileid="3" />
                <SequencePoint vc="0" uspid="77" ordinal="42" offset="324" sl="26" sc="34" el="26" ec="36" bec="2" bev="0" fileid="3" />
                <SequencePoint vc="0" uspid="78" ordinal="43" offset="348" sl="60" sc="13" el="60" ec="14" bec="0" bev="0" fileid="3" />
                <SequencePoint vc="0" uspid="79" ordinal="44" offset="349" sl="24" sc="30" el="24" ec="32" bec="2" bev="0" fileid="3" />
                <SequencePoint vc="0" uspid="80" ordinal="45" offset="373" sl="61" sc="13" el="61" ec="44" bec="0" bev="0" fileid="3" />
                <SequencePoint vc="0" uspid="81" ordinal="46" offset="383" sl="62" sc="9" el="62" ec="10" bec="0" bev="0" fileid="3" />
              </SequencePoints>
              <BranchPoints>
                <BranchPoint vc="0" uspid="82" ordinal="0" offset="144" sl="34" path="0" offsetend="146" fileid="3" />
                <BranchPoint vc="0" uspid="83" ordinal="1" offset="144" sl="34" path="1" offsetend="153" fileid="3" />
                <BranchPoint vc="0" uspid="84" ordinal="2" offset="158" sl="34" path="0" offsetchain="160" offsetend="233" fileid="3" />
                <BranchPoint vc="0" uspid="85" ordinal="3" offset="158" sl="34" path="1" offsetend="162" fileid="3" />
                <BranchPoint vc="0" uspid="86" ordinal="4" offset="178" sl="37" path="0" offsetend="180" fileid="3" />
                <BranchPoint vc="0" uspid="87" ordinal="5" offset="178" sl="37" path="1" offsetend="217" fileid="3" />
                <BranchPoint vc="0" uspid="88" ordinal="6" offset="188" sl="37" path="0" offsetend="190" fileid="3" />
                <BranchPoint vc="0" uspid="89" ordinal="7" offset="188" sl="37" path="1" offsetend="217" fileid="3" />
                <BranchPoint vc="0" uspid="90" ordinal="8" offset="193" sl="37" path="0" offsetend="195" fileid="3" />
                <BranchPoint vc="0" uspid="91" ordinal="9" offset="193" sl="37" path="1" offsetend="217" fileid="3" />
                <BranchPoint vc="0" uspid="92" ordinal="10" offset="203" sl="37" path="0" offsetend="205" fileid="3" />
                <BranchPoint vc="0" uspid="93" ordinal="11" offset="203" sl="37" path="1" offsetend="217" fileid="3" />
                <BranchPoint vc="0" uspid="94" ordinal="12" offset="222" sl="37" path="0" offsetend="224" fileid="3" />
                <BranchPoint vc="0" uspid="95" ordinal="13" offset="222" sl="37" path="1" offsetend="232" fileid="3" />
                <BranchPoint vc="0" uspid="96" ordinal="14" offset="245" sl="32" path="0" offsetend="247" fileid="3" />
                <BranchPoint vc="0" uspid="97" ordinal="15" offset="245" sl="32" path="1" offsetend="134" fileid="3" />
                <BranchPoint vc="0" uspid="98" ordinal="16" offset="260" sl="30" path="0" offsetend="265" fileid="3" />
                <BranchPoint vc="0" uspid="99" ordinal="17" offset="260" sl="30" path="1" offsetend="116" fileid="3" />
                <BranchPoint vc="0" uspid="100" ordinal="18" offset="282" sl="50" path="0" offsetend="284" fileid="3" />
                <BranchPoint vc="0" uspid="101" ordinal="19" offset="282" sl="50" path="1" offsetend="303" fileid="3" />
                <BranchPoint vc="0" uspid="102" ordinal="20" offset="288" sl="52" path="0" offsetend="290" fileid="3" />
                <BranchPoint vc="0" uspid="103" ordinal="21" offset="288" sl="52" path="1" offsetend="297" fileid="3" />
                <BranchPoint vc="0" uspid="104" ordinal="22" offset="330" sl="26" path="0" offsetend="335" fileid="3" />
                <BranchPoint vc="0" uspid="105" ordinal="23" offset="330" sl="26" path="1" offsetend="75" fileid="3" />
                <BranchPoint vc="0" uspid="106" ordinal="24" offset="355" sl="24" path="0" offsetend="360" fileid="3" />
                <BranchPoint vc="0" uspid="107" ordinal="25" offset="355" sl="24" path="1" offsetend="43" fileid="3" />
              </BranchPoints>
              <MethodPoint xsi:type="SequencePoint" vc="0" uspid="35" ordinal="0" offset="0" sl="22" sc="9" el="22" ec="10" bec="0" bev="0" fileid="3" />
            </Method>
          </Methods>
        </Class>
        <Class>
          <Summary numSequencePoints="9" visitedSequencePoints="0" numBranchPoints="1" visitedBranchPoints="0" sequenceCoverage="0" branchCoverage="0" maxCyclomaticComplexity="1" minCyclomaticComplexity="1" visitedClasses="0" numClasses="1" visitedMethods="0" numMethods="1" />
          <FullName>GameOfLife.Program</FullName>
          <Methods>
            <Method visited="false" cyclomaticComplexity="1" sequenceCoverage="0" branchCoverage="0" isConstructor="false" isStatic="true" isGetter="false" isSetter="false">
              <Summary numSequencePoints="9" visitedSequencePoints="0" numBranchPoints="1" visitedBranchPoints="0" sequenceCoverage="0" branchCoverage="0" maxCyclomaticComplexity="1" minCyclomaticComplexity="1" visitedClasses="0" numClasses="0" visitedMethods="0" numMethods="1" />
              <MetadataToken>100663299</MetadataToken>
              <Name>System.Void GameOfLife.Program::Main(System.String[])</Name>
              <FileRef uid="4" />
              <SequencePoints>
                <SequencePoint vc="0" uspid="108" ordinal="0" offset="0" sl="9" sc="9" el="9" ec="10" bec="0" bev="0" fileid="4" />
                <SequencePoint vc="0" uspid="109" ordinal="1" offset="1" sl="15" sc="13" el="15" ec="57" bec="0" bev="0" fileid="4" />
                <SequencePoint vc="0" uspid="110" ordinal="2" offset="9" sl="18" sc="13" el="18" ec="14" bec="0" bev="0" fileid="4" />
                <SequencePoint vc="0" uspid="111" ordinal="3" offset="10" sl="19" sc="17" el="19" ec="55" bec="0" bev="0" fileid="4" />
                <SequencePoint vc="0" uspid="112" ordinal="4" offset="17" sl="21" sc="17" el="21" ec="33" bec="0" bev="0" fileid="4" />
                <SequencePoint vc="0" uspid="113" ordinal="5" offset="23" sl="23" sc="17" el="23" ec="39" bec="0" bev="0" fileid="4" />
                <SequencePoint vc="0" uspid="114" ordinal="6" offset="30" sl="25" sc="17" el="25" ec="35" bec="0" bev="0" fileid="4" />
                <SequencePoint vc="0" uspid="115" ordinal="7" offset="41" sl="26" sc="13" el="26" ec="14" bec="0" bev="0" fileid="4" />
                <SequencePoint vc="0" uspid="116" ordinal="8" offset="42" sl="17" sc="13" el="17" ec="25" bec="0" bev="0" fileid="4" />
              </SequencePoints>
              <BranchPoints />
              <MethodPoint xsi:type="SequencePoint" vc="0" uspid="108" ordinal="0" offset="0" sl="9" sc="9" el="9" ec="10" bec="0" bev="0" fileid="4" />
            </Method>
            <Method visited="false" cyclomaticComplexity="1" sequenceCoverage="0" branchCoverage="0" isConstructor="true" isStatic="false" isGetter="false" isSetter="false">
              <Summary numSequencePoints="0" visitedSequencePoints="0" numBranchPoints="0" visitedBranchPoints="0" sequenceCoverage="0" branchCoverage="0" maxCyclomaticComplexity="1" minCyclomaticComplexity="1" visitedClasses="0" numClasses="0" visitedMethods="0" numMethods="0" />
              <MetadataToken>100663300</MetadataToken>
              <Name>System.Void GameOfLife.Program::.ctor()</Name>
              <SequencePoints />
              <BranchPoints />
              <MethodPoint vc="0" uspid="117" ordinal="0" offset="0" />
            </Method>
          </Methods>
        </Class>
        <Class>
          <Summary numSequencePoints="13" visitedSequencePoints="10" numBranchPoints="6" visitedBranchPoints="5" sequenceCoverage="76.92" branchCoverage="83.33" maxCyclomaticComplexity="1" minCyclomaticComplexity="1" visitedClasses="1" numClasses="1" visitedMethods="5" numMethods="6" />
          <FullName>GameOfLife.World</FullName>
          <Methods>
            <Method visited="true" cyclomaticComplexity="1" sequenceCoverage="100" branchCoverage="100" isConstructor="false" isStatic="false" isGetter="true" isSetter="false">
              <Summary numSequencePoints="1" visitedSequencePoints="1" numBranchPoints="1" visitedBranchPoints="1" sequenceCoverage="100" branchCoverage="100" maxCyclomaticComplexity="1" minCyclomaticComplexity="1" visitedClasses="0" numClasses="0" visitedMethods="1" numMethods="1" />
              <MetadataToken>100663302</MetadataToken>
              <Name>System.Int32 GameOfLife.World::get_Width()</Name>
              <FileRef uid="5" />
              <SequencePoints>
                <SequencePoint vc="1" uspid="118" ordinal="0" offset="0" sl="14" sc="28" el="14" ec="32" bec="0" bev="0" fileid="5" />
              </SequencePoints>
              <BranchPoints />
              <MethodPoint xsi:type="SequencePoint" vc="1" uspid="118" ordinal="0" offset="0" sl="14" sc="28" el="14" ec="32" bec="0" bev="0" fileid="5" />
            </Method>
            <Method visited="true" cyclomaticComplexity="1" sequenceCoverage="100" branchCoverage="100" isConstructor="false" isStatic="false" isGetter="false" isSetter="true">
              <Summary numSequencePoints="1" visitedSequencePoints="1" numBranchPoints="1" visitedBranchPoints="1" sequenceCoverage="100" branchCoverage="100" maxCyclomaticComplexity="1" minCyclomaticComplexity="1" visitedClasses="0" numClasses="0" visitedMethods="1" numMethods="1" />
              <MetadataToken>100663303</MetadataToken>
              <Name>System.Void GameOfLife.World::set_Width(System.Int32)</Name>
              <FileRef uid="5" />
              <SequencePoints>
                <SequencePoint vc="2" uspid="119" ordinal="0" offset="0" sl="14" sc="33" el="14" ec="45" bec="0" bev="0" fileid="5" />
              </SequencePoints>
              <BranchPoints />
              <MethodPoint xsi:type="SequencePoint" vc="2" uspid="119" ordinal="0" offset="0" sl="14" sc="33" el="14" ec="45" bec="0" bev="0" fileid="5" />
            </Method>
            <Method visited="true" cyclomaticComplexity="1" sequenceCoverage="100" branchCoverage="100" isConstructor="false" isStatic="false" isGetter="true" isSetter="false">
              <Summary numSequencePoints="1" visitedSequencePoints="1" numBranchPoints="1" visitedBranchPoints="1" sequenceCoverage="100" branchCoverage="100" maxCyclomaticComplexity="1" minCyclomaticComplexity="1" visitedClasses="0" numClasses="0" visitedMethods="1" numMethods="1" />
              <MetadataToken>100663304</MetadataToken>
              <Name>System.Int32 GameOfLife.World::get_Height()</Name>
              <FileRef uid="5" />
              <SequencePoints>
                <SequencePoint vc="1" uspid="120" ordinal="0" offset="0" sl="15" sc="29" el="15" ec="33" bec="0" bev="0" fileid="5" />
              </SequencePoints>
              <BranchPoints />
              <MethodPoint xsi:type="SequencePoint" vc="1" uspid="120" ordinal="0" offset="0" sl="15" sc="29" el="15" ec="33" bec="0" bev="0" fileid="5" />
            </Method>
            <Method visited="true" cyclomaticComplexity="1" sequenceCoverage="100" branchCoverage="100" isConstructor="false" isStatic="false" isGetter="false" isSetter="true">
              <Summary numSequencePoints="1" visitedSequencePoints="1" numBranchPoints="1" visitedBranchPoints="1" sequenceCoverage="100" branchCoverage="100" maxCyclomaticComplexity="1" minCyclomaticComplexity="1" visitedClasses="0" numClasses="0" visitedMethods="1" numMethods="1" />
              <MetadataToken>100663305</MetadataToken>
              <Name>System.Void GameOfLife.World::set_Height(System.Int32)</Name>
              <FileRef uid="5" />
              <SequencePoints>
                <SequencePoint vc="2" uspid="121" ordinal="0" offset="0" sl="15" sc="34" el="15" ec="46" bec="0" bev="0" fileid="5" />
              </SequencePoints>
              <BranchPoints />
              <MethodPoint xsi:type="SequencePoint" vc="2" uspid="121" ordinal="0" offset="0" sl="15" sc="34" el="15" ec="46" bec="0" bev="0" fileid="5" />
            </Method>
            <Method visited="true" cyclomaticComplexity="1" sequenceCoverage="100" branchCoverage="100" isConstructor="true" isStatic="false" isGetter="false" isSetter="false">
              <Summary numSequencePoints="6" visitedSequencePoints="6" numBranchPoints="1" visitedBranchPoints="1" sequenceCoverage="100" branchCoverage="100" maxCyclomaticComplexity="1" minCyclomaticComplexity="1" visitedClasses="0" numClasses="0" visitedMethods="1" numMethods="1" />
              <MetadataToken>100663301</MetadataToken>
              <Name>System.Void GameOfLife.World::.ctor(System.Boolean[0...,0...])</Name>
              <FileRef uid="5" />
              <SequencePoints>
                <SequencePoint vc="2" uspid="122" ordinal="0" offset="0" sl="7" sc="9" el="7" ec="35" bec="0" bev="0" fileid="5" />
                <SequencePoint vc="2" uspid="123" ordinal="1" offset="7" sl="8" sc="9" el="8" ec="10" bec="0" bev="0" fileid="5" />
                <SequencePoint vc="2" uspid="124" ordinal="2" offset="8" sl="9" sc="13" el="9" ec="47" bec="0" bev="0" fileid="5" />
                <SequencePoint vc="2" uspid="125" ordinal="3" offset="24" sl="10" sc="13" el="10" ec="48" bec="0" bev="0" fileid="5" />
                <SequencePoint vc="2" uspid="126" ordinal="4" offset="40" sl="11" sc="13" el="11" ec="26" bec="0" bev="0" fileid="5" />
                <SequencePoint vc="2" uspid="127" ordinal="5" offset="47" sl="12" sc="9" el="12" ec="10" bec="0" bev="0" fileid="5" />
              </SequencePoints>
              <BranchPoints />
              <MethodPoint xsi:type="SequencePoint" vc="2" uspid="122" ordinal="0" offset="0" sl="7" sc="9" el="7" ec="35" bec="0" bev="0" fileid="5" />
            </Method>
            <Method visited="false" cyclomaticComplexity="1" sequenceCoverage="0" branchCoverage="0" isConstructor="false" isStatic="false" isGetter="false" isSetter="false">
              <Summary numSequencePoints="3" visitedSequencePoints="0" numBranchPoints="1" visitedBranchPoints="0" sequenceCoverage="0" branchCoverage="0" maxCyclomaticComplexity="1" minCyclomaticComplexity="1" visitedClasses="0" numClasses="0" visitedMethods="0" numMethods="1" />
              <MetadataToken>100663306</MetadataToken>
              <Name>System.Boolean GameOfLife.World::IsAlive(System.Int32,System.Int32)</Name>
              <FileRef uid="5" />
              <SequencePoints>
                <SequencePoint vc="0" uspid="128" ordinal="0" offset="0" sl="18" sc="9" el="18" ec="10" bec="0" bev="0" fileid="5" />
                <SequencePoint vc="0" uspid="129" ordinal="1" offset="1" sl="19" sc="13" el="19" ec="32" bec="0" bev="0" fileid="5" />
                <SequencePoint vc="0" uspid="130" ordinal="2" offset="17" sl="20" sc="9" el="20" ec="10" bec="0" bev="0" fileid="5" />
              </SequencePoints>
              <BranchPoints />
              <MethodPoint xsi:type="SequencePoint" vc="0" uspid="128" ordinal="0" offset="0" sl="18" sc="9" el="18" ec="10" bec="0" bev="0" fileid="5" />
            </Method>
          </Methods>
        </Class>
        <Class>
          <Summary numSequencePoints="45" visitedSequencePoints="0" numBranchPoints="8" visitedBranchPoints="0" sequenceCoverage="0" branchCoverage="0" maxCyclomaticComplexity="5" minCyclomaticComplexity="1" visitedClasses="0" numClasses="1" visitedMethods="0" numMethods="4" />
          <FullName>GameOfLife.WorldBuilder</FullName>
          <Methods>
            <Method visited="false" cyclomaticComplexity="1" sequenceCoverage="0" branchCoverage="0" isConstructor="false" isStatic="true" isGetter="false" isSetter="false">
              <Summary numSequencePoints="7" visitedSequencePoints="0" numBranchPoints="1" visitedBranchPoints="0" sequenceCoverage="0" branchCoverage="0" maxCyclomaticComplexity="1" minCyclomaticComplexity="1" visitedClasses="0" numClasses="0" visitedMethods="0" numMethods="1" />
              <MetadataToken>100663307</MetadataToken>
              <Name>GameOfLife.World GameOfLife.WorldBuilder::BuildBlinkerWorld()</Name>
              <FileRef uid="6" />
              <SequencePoints>
                <SequencePoint vc="0" uspid="131" ordinal="0" offset="0" sl="12" sc="9" el="12" ec="10" bec="0" bev="0" fileid="6" />
                <SequencePoint vc="0" uspid="132" ordinal="1" offset="1" sl="13" sc="13" el="13" ec="63" bec="0" bev="0" fileid="6" />
                <SequencePoint vc="0" uspid="133" ordinal="2" offset="11" sl="15" sc="13" el="15" ec="32" bec="0" bev="0" fileid="6" />
                <SequencePoint vc="0" uspid="134" ordinal="3" offset="20" sl="16" sc="13" el="16" ec="32" bec="0" bev="0" fileid="6" />
                <SequencePoint vc="0" uspid="135" ordinal="4" offset="29" sl="17" sc="13" el="17" ec="32" bec="0" bev="0" fileid="6" />
                <SequencePoint vc="0" uspid="136" ordinal="5" offset="38" sl="19" sc="13" el="19" ec="37" bec="0" bev="0" fileid="6" />
                <SequencePoint vc="0" uspid="137" ordinal="6" offset="47" sl="20" sc="9" el="20" ec="10" bec="0" bev="0" fileid="6" />
              </SequencePoints>
              <BranchPoints />
              <MethodPoint xsi:type="SequencePoint" vc="0" uspid="131" ordinal="0" offset="0" sl="12" sc="9" el="12" ec="10" bec="0" bev="0" fileid="6" />
            </Method>
            <Method visited="false" cyclomaticComplexity="1" sequenceCoverage="0" branchCoverage="0" isConstructor="false" isStatic="true" isGetter="false" isSetter="false">
              <Summary numSequencePoints="10" visitedSequencePoints="0" numBranchPoints="1" visitedBranchPoints="0" sequenceCoverage="0" branchCoverage="0" maxCyclomaticComplexity="1" minCyclomaticComplexity="1" visitedClasses="0" numClasses="0" visitedMethods="0" numMethods="1" />
              <MetadataToken>100663308</MetadataToken>
              <Name>GameOfLife.World GameOfLife.WorldBuilder::BuildToadWorld()</Name>
              <FileRef uid="6" />
              <SequencePoints>
                <SequencePoint vc="0" uspid="138" ordinal="0" offset="0" sl="23" sc="9" el="23" ec="10" bec="0" bev="0" fileid="6" />
                <SequencePoint vc="0" uspid="139" ordinal="1" offset="1" sl="24" sc="13" el="24" ec="63" bec="0" bev="0" fileid="6" />
                <SequencePoint vc="0" uspid="140" ordinal="2" offset="11" sl="26" sc="13" el="26" ec="32" bec="0" bev="0" fileid="6" />
                <SequencePoint vc="0" uspid="141" ordinal="3" offset="20" sl="27" sc="13" el="27" ec="32" bec="0" bev="0" fileid="6" />
                <SequencePoint vc="0" uspid="142" ordinal="4" offset="29" sl="28" sc="13" el="28" ec="32" bec="0" bev="0" fileid="6" />
                <SequencePoint vc="0" uspid="143" ordinal="5" offset="38" sl="29" sc="13" el="29" ec="32" bec="0" bev="0" fileid="6" />
                <SequencePoint vc="0" uspid="144" ordinal="6" offset="47" sl="30" sc="13" el="30" ec="32" bec="0" bev="0" fileid="6" />
                <SequencePoint vc="0" uspid="145" ordinal="7" offset="56" sl="31" sc="13" el="31" ec="32" bec="0" bev="0" fileid="6" />
                <SequencePoint vc="0" uspid="146" ordinal="8" offset="65" sl="33" sc="13" el="33" ec="37" bec="0" bev="0" fileid="6" />
                <SequencePoint vc="0" uspid="147" ordinal="9" offset="74" sl="34" sc="9" el="34" ec="10" bec="0" bev="0" fileid="6" />
              </SequencePoints>
              <BranchPoints />
              <MethodPoint xsi:type="SequencePoint" vc="0" uspid="138" ordinal="0" offset="0" sl="23" sc="9" el="23" ec="10" bec="0" bev="0" fileid="6" />
            </Method>
            <Method visited="false" cyclomaticComplexity="1" sequenceCoverage="0" branchCoverage="0" isConstructor="false" isStatic="true" isGetter="false" isSetter="false">
              <Summary numSequencePoints="10" visitedSequencePoints="0" numBranchPoints="1" visitedBranchPoints="0" sequenceCoverage="0" branchCoverage="0" maxCyclomaticComplexity="1" minCyclomaticComplexity="1" visitedClasses="0" numClasses="0" visitedMethods="0" numMethods="1" />
              <MetadataToken>100663309</MetadataToken>
              <Name>GameOfLife.World GameOfLife.WorldBuilder::BuildBeaconWorld()</Name>
              <FileRef uid="6" />
              <SequencePoints>
                <SequencePoint vc="0" uspid="148" ordinal="0" offset="0" sl="37" sc="9" el="37" ec="10" bec="0" bev="0" fileid="6" />
                <SequencePoint vc="0" uspid="149" ordinal="1" offset="1" sl="38" sc="13" el="38" ec="63" bec="0" bev="0" fileid="6" />
                <SequencePoint vc="0" uspid="150" ordinal="2" offset="11" sl="40" sc="13" el="40" ec="32" bec="0" bev="0" fileid="6" />
                <SequencePoint vc="0" uspid="151" ordinal="3" offset="20" sl="41" sc="13" el="41" ec="32" bec="0" bev="0" fileid="6" />
                <SequencePoint vc="0" uspid="152" ordinal="4" offset="29" sl="42" sc="13" el="42" ec="32" bec="0" bev="0" fileid="6" />
                <SequencePoint vc="0" uspid="153" ordinal="5" offset="38" sl="43" sc="13" el="43" ec="32" bec="0" bev="0" fileid="6" />
                <SequencePoint vc="0" uspid="154" ordinal="6" offset="47" sl="44" sc="13" el="44" ec="32" bec="0" bev="0" fileid="6" />
                <SequencePoint vc="0" uspid="155" ordinal="7" offset="56" sl="45" sc="13" el="45" ec="32" bec="0" bev="0" fileid="6" />
                <SequencePoint vc="0" uspid="156" ordinal="8" offset="65" sl="47" sc="13" el="47" ec="37" bec="0" bev="0" fileid="6" />
                <SequencePoint vc="0" uspid="157" ordinal="9" offset="74" sl="48" sc="9" el="48" ec="10" bec="0" bev="0" fileid="6" />
              </SequencePoints>
              <BranchPoints />
              <MethodPoint xsi:type="SequencePoint" vc="0" uspid="148" ordinal="0" offset="0" sl="37" sc="9" el="37" ec="10" bec="0" bev="0" fileid="6" />
            </Method>
            <Method visited="false" cyclomaticComplexity="5" sequenceCoverage="0" branchCoverage="0" isConstructor="false" isStatic="true" isGetter="false" isSetter="false">
              <Summary numSequencePoints="18" visitedSequencePoints="0" numBranchPoints="5" visitedBranchPoints="0" sequenceCoverage="0" branchCoverage="0" maxCyclomaticComplexity="5" minCyclomaticComplexity="5" visitedClasses="0" numClasses="0" visitedMethods="0" numMethods="1" />
              <MetadataToken>100663310</MetadataToken>
              <Name>GameOfLife.World GameOfLife.WorldBuilder::BuildRandomWorld()</Name>
              <FileRef uid="6" />
              <SequencePoints>
                <SequencePoint vc="0" uspid="158" ordinal="0" offset="0" sl="51" sc="9" el="51" ec="10" bec="0" bev="0" fileid="6" />
                <SequencePoint vc="0" uspid="159" ordinal="1" offset="1" sl="52" sc="13" el="52" ec="63" bec="0" bev="0" fileid="6" />
                <SequencePoint vc="0" uspid="160" ordinal="2" offset="11" sl="54" sc="13" el="54" ec="79" bec="0" bev="0" fileid="6" />
                <SequencePoint vc="0" uspid="161" ordinal="3" offset="37" sl="55" sc="13" el="55" ec="20" bec="0" bev="0" fileid="6" />
                <SequencePoint vc="0" uspid="162" ordinal="4" offset="38" sl="55" sc="33" el="55" ec="67" bec="0" bev="0" fileid="6" />
                <SequencePoint vc="0" uspid="163" ordinal="5" offset="54" sl="55" sc="22" el="55" ec="29" bec="0" bev="0" fileid="6" />
                <SequencePoint vc="0" uspid="164" ordinal="6" offset="62" sl="56" sc="13" el="56" ec="14" bec="0" bev="0" fileid="6" />
                <SequencePoint vc="0" uspid="165" ordinal="7" offset="63" sl="57" sc="17" el="57" ec="24" bec="0" bev="0" fileid="6" />
                <SequencePoint vc="0" uspid="166" ordinal="8" offset="64" sl="57" sc="37" el="57" ec="70" bec="0" bev="0" fileid="6" />
                <SequencePoint vc="0" uspid="167" ordinal="9" offset="81" sl="57" sc="26" el="57" ec="33" bec="0" bev="0" fileid="6" />
                <SequencePoint vc="0" uspid="168" ordinal="10" offset="90" sl="58" sc="17" el="58" ec="18" bec="0" bev="0" fileid="6" />
                <SequencePoint vc="0" uspid="169" ordinal="11" offset="91" sl="59" sc="21" el="59" ec="59" bec="0" bev="0" fileid="6" />
                <SequencePoint vc="0" uspid="170" ordinal="12" offset="111" sl="60" sc="17" el="60" ec="18" bec="0" bev="0" fileid="6" />
                <SequencePoint vc="0" uspid="171" ordinal="13" offset="112" sl="57" sc="34" el="57" ec="36" bec="2" bev="0" fileid="6" />
                <SequencePoint vc="0" uspid="172" ordinal="14" offset="136" sl="61" sc="13" el="61" ec="14" bec="0" bev="0" fileid="6" />
                <SequencePoint vc="0" uspid="173" ordinal="15" offset="137" sl="55" sc="30" el="55" ec="32" bec="2" bev="0" fileid="6" />
                <SequencePoint vc="0" uspid="174" ordinal="16" offset="158" sl="62" sc="13" el="62" ec="37" bec="0" bev="0" fileid="6" />
                <SequencePoint vc="0" uspid="175" ordinal="17" offset="168" sl="63" sc="9" el="63" ec="10" bec="0" bev="0" fileid="6" />
              </SequencePoints>
              <BranchPoints>
                <BranchPoint vc="0" uspid="176" ordinal="0" offset="119" sl="57" path="0" offsetend="121" fileid="6" />
                <BranchPoint vc="0" uspid="177" ordinal="1" offset="119" sl="57" path="1" offsetend="81" fileid="6" />
                <BranchPoint vc="0" uspid="178" ordinal="2" offset="143" sl="55" path="0" offsetend="145" fileid="6" />
                <BranchPoint vc="0" uspid="179" ordinal="3" offset="143" sl="55" path="1" offsetend="54" fileid="6" />
              </BranchPoints>
              <MethodPoint xsi:type="SequencePoint" vc="0" uspid="158" ordinal="0" offset="0" sl="51" sc="9" el="51" ec="10" bec="0" bev="0" fileid="6" />
            </Method>
          </Methods>
        </Class>
      </Classes>
    </Module>
  </Modules>
</CoverageSession>